<?xml version="1.0" encoding="UTF-8"?>
<testng-results skipped="0" failed="0" ignored="0" total="1" passed="1">
  <reporter-output>
    <line>
      <![CDATA[Application Lauched successfully | ]]>
    </line>
  </reporter-output>
  <suite name="Suite" duration-ms="8295" started-at="2022-10-18T12:18:22 IST" finished-at="2022-10-18T12:18:30 IST">
    <groups>
    </groups>
    <test name="Test" duration-ms="8295" started-at="2022-10-18T12:18:22 IST" finished-at="2022-10-18T12:18:30 IST">
      <class name="mavenproject1.NewTest12">
        <test-method status="PASS" signature="test()[pri:0, instance:mavenproject1.NewTest12@4eb7f003]" name="test" duration-ms="8246" started-at="2022-10-18T12:18:22 IST" finished-at="2022-10-18T12:18:30 IST">
          <reporter-output>
            <line>
              <![CDATA[Application Lauched successfully | ]]>
            </line>
          </reporter-output>
        </test-method> <!-- test -->
      </class> <!-- mavenproject1.NewTest12 -->
    </test> <!-- Test -->
  </suite> <!-- Suite -->
</testng-results>
